<?xml version="1.0" encoding="UTF-8"?>
<!-- Generated by org.testng.reporters.JUnitReportReporter -->
<testsuite name="googletest.GoogleTest" tests="1" time="54.060" ignored="0" failures="0" timestamp="16 Sep 2017 07:49:15 GMT" skipped="0" hostname="user-PC" errors="0">
  <testcase name="GoogleScreen" time="54.060" classname="googletest.GoogleTest"/>
</testsuite> <!-- googletest.GoogleTest -->
