<?xml version="1.0" encoding="UTF-8"?>
<!-- Generated by org.testng.reporters.JUnitReportReporter -->
<testsuite name="googletest.GoogleTest" tests="1" time="33.901" ignored="0" failures="0" timestamp="23 Sep 2017 11:15:30 GMT" skipped="0" hostname="user-PC" errors="0">
  <testcase name="GoogleScreen" time="33.901" classname="googletest.GoogleTest"/>
</testsuite> <!-- googletest.GoogleTest -->
